17-Feb-2025 11:10:34.781 INFO [main] org.apache.catalina.startup.VersionLoggerListener.log Server version name:   Apache Tomcat/9.0.98
17-Feb-2025 11:10:34.795 INFO [main] org.apache.catalina.startup.VersionLoggerListener.log Server built:          Dec 5 2024 19:50:29 UTC
17-Feb-2025 11:10:34.797 INFO [main] org.apache.catalina.startup.VersionLoggerListener.log Server version number: 9.0.98.0
17-Feb-2025 11:10:34.798 INFO [main] org.apache.catalina.startup.VersionLoggerListener.log OS Name:               Windows 11
17-Feb-2025 11:10:34.799 INFO [main] org.apache.catalina.startup.VersionLoggerListener.log OS Version:            10.0
17-Feb-2025 11:10:34.799 INFO [main] org.apache.catalina.startup.VersionLoggerListener.log Architecture:          amd64
17-Feb-2025 11:10:34.800 INFO [main] org.apache.catalina.startup.VersionLoggerListener.log Java Home:             C:\Program Files\Java\jdk-17
17-Feb-2025 11:10:34.801 INFO [main] org.apache.catalina.startup.VersionLoggerListener.log JVM Version:           17.0.12+8-LTS-286
17-Feb-2025 11:10:34.802 INFO [main] org.apache.catalina.startup.VersionLoggerListener.log JVM Vendor:            Oracle Corporation
17-Feb-2025 11:10:34.803 INFO [main] org.apache.catalina.startup.VersionLoggerListener.log CATALINA_BASE:         C:\Users\patel\IdeaProjects\Spring MVC\LoginSignUp
17-Feb-2025 11:10:34.803 INFO [main] org.apache.catalina.startup.VersionLoggerListener.log CATALINA_HOME:         C:\apache-tomcat-9.0.98-windows-x64\apache-tomcat-9.0.98
17-Feb-2025 11:10:34.846 INFO [main] org.apache.catalina.startup.VersionLoggerListener.log Command line argument: --add-opens=java.base/java.lang=ALL-UNNAMED
17-Feb-2025 11:10:34.846 INFO [main] org.apache.catalina.startup.VersionLoggerListener.log Command line argument: --add-opens=java.base/java.io=ALL-UNNAMED
17-Feb-2025 11:10:34.847 INFO [main] org.apache.catalina.startup.VersionLoggerListener.log Command line argument: --add-opens=java.base/java.util=ALL-UNNAMED
17-Feb-2025 11:10:34.847 INFO [main] org.apache.catalina.startup.VersionLoggerListener.log Command line argument: --add-opens=java.base/java.util.concurrent=ALL-UNNAMED
17-Feb-2025 11:10:34.849 INFO [main] org.apache.catalina.startup.VersionLoggerListener.log Command line argument: --add-opens=java.rmi/sun.rmi.transport=ALL-UNNAMED
17-Feb-2025 11:10:34.849 INFO [main] org.apache.catalina.startup.VersionLoggerListener.log Command line argument: -Dcatalina.home=C:\apache-tomcat-9.0.98-windows-x64\apache-tomcat-9.0.98
17-Feb-2025 11:10:34.850 INFO [main] org.apache.catalina.startup.VersionLoggerListener.log Command line argument: -Dcatalina.base=C:\Users\patel\IdeaProjects\Spring MVC\LoginSignUp
17-Feb-2025 11:10:34.851 INFO [main] org.apache.catalina.startup.VersionLoggerListener.log Command line argument: -Djava.io.tmpdir=C:\Users\patel\IdeaProjects\Spring MVC\LoginSignUp\temp
17-Feb-2025 11:10:34.852 INFO [main] org.apache.catalina.startup.VersionLoggerListener.log Command line argument: -Djava.util.logging.config.file=C:\Users\patel\IdeaProjects\Spring MVC\LoginSignUp\conf\logging.properties
17-Feb-2025 11:10:34.853 INFO [main] org.apache.catalina.startup.VersionLoggerListener.log Command line argument: -Djava.util.logging.manager=org.apache.juli.ClassLoaderLogManager
17-Feb-2025 11:10:34.854 INFO [main] org.apache.catalina.startup.VersionLoggerListener.log Command line argument: -javaagent:C:\Program Files\JetBrains\IntelliJ IDEA Community Edition 2024.3\lib\idea_rt.jar=56710:C:\Program Files\JetBrains\IntelliJ IDEA Community Edition 2024.3\bin
17-Feb-2025 11:10:34.854 INFO [main] org.apache.catalina.startup.VersionLoggerListener.log Command line argument: -Dfile.encoding=UTF-8
17-Feb-2025 11:10:35.238 INFO [main] org.apache.catalina.core.AprLifecycleListener.lifecycleEvent Loaded Apache Tomcat Native library [1.3.1] using APR version [1.7.4].
17-Feb-2025 11:10:35.240 INFO [main] org.apache.catalina.core.AprLifecycleListener.lifecycleEvent APR capabilities: IPv6 [true], sendfile [true], accept filters [false], random [true], UDS [true].
17-Feb-2025 11:10:35.240 INFO [main] org.apache.catalina.core.AprLifecycleListener.lifecycleEvent APR/OpenSSL configuration: useAprConnector [false], useOpenSSL [true]
17-Feb-2025 11:10:35.311 INFO [main] org.apache.catalina.core.AprLifecycleListener.initializeSSL OpenSSL successfully initialized [OpenSSL 3.0.14 4 Jun 2024]
17-Feb-2025 11:10:36.410 INFO [main] org.apache.coyote.AbstractProtocol.init Initializing ProtocolHandler ["http-nio-8080"]
17-Feb-2025 11:10:36.473 INFO [main] org.apache.catalina.startup.Catalina.load Server initialization in [2481] milliseconds
17-Feb-2025 11:10:36.666 INFO [main] org.apache.catalina.core.StandardService.startInternal Starting service [Catalina]
17-Feb-2025 11:10:36.667 INFO [main] org.apache.catalina.core.StandardEngine.startInternal Starting Servlet engine: [Apache Tomcat/9.0.98]
17-Feb-2025 11:10:36.701 INFO [main] org.apache.catalina.startup.HostConfig.deployDescriptor Deploying deployment descriptor [C:\Users\patel\IdeaProjects\Spring MVC\LoginSignUp\conf\Catalina\localhost\LoginSignUp.xml]
17-Feb-2025 11:10:46.774 INFO [main] org.apache.jasper.servlet.TldScanner.scanJars At least one JAR was scanned for TLDs yet contained no TLDs. Enable debug logging for this logger for a complete list of JARs that were scanned but no TLDs were found in them. Skipping unneeded JARs during scanning can improve startup time and JSP compilation time.
17-Feb-2025 11:10:47.242 WARNING [main] org.apache.catalina.util.SessionIdGeneratorBase.createSecureRandom Creation of SecureRandom instance for session ID generation using [SHA1PRNG] took [260] milliseconds.
17-Feb-2025 11:10:47.310 INFO [main] org.apache.catalina.startup.HostConfig.deployDescriptor Deployment of deployment descriptor [C:\Users\patel\IdeaProjects\Spring MVC\LoginSignUp\conf\Catalina\localhost\LoginSignUp.xml] has finished in [10,608] ms
17-Feb-2025 11:10:47.320 INFO [main] org.apache.coyote.AbstractProtocol.start Starting ProtocolHandler ["http-nio-8080"]
17-Feb-2025 11:10:47.597 INFO [main] org.apache.catalina.startup.Catalina.start Server startup in [11123] milliseconds
17-Feb-2025 11:10:55.383 INFO [http-nio-8080-exec-4] org.springframework.web.servlet.FrameworkServlet.initServletBean Initializing Servlet 'spring'
17-Feb-2025 11:11:06.446 INFO [http-nio-8080-exec-4] org.hibernate.Version.logVersion HHH000412: Hibernate Core {5.4.2.Final}
17-Feb-2025 11:11:09.141 INFO [http-nio-8080-exec-4] org.hibernate.annotations.common.reflection.java.JavaReflectionManager.<clinit> HCANN000001: Hibernate Commons Annotations {5.1.0.Final}
17-Feb-2025 11:11:14.204 INFO [http-nio-8080-exec-4] org.hibernate.dialect.Dialect.<init> HHH000400: Using dialect: org.hibernate.dialect.MySQL8Dialect
17-Feb-2025 11:11:28.691 INFO [http-nio-8080-exec-4] org.hibernate.engine.transaction.jta.platform.internal.JtaPlatformInitiator.initiateService HHH000490: Using JtaPlatform implementation: [org.hibernate.engine.transaction.jta.platform.internal.NoJtaPlatform]
17-Feb-2025 11:11:31.659 INFO [http-nio-8080-exec-4] org.springframework.web.servlet.FrameworkServlet.initServletBean Completed initialization in 36275 ms
17-Feb-2025 11:54:31.905 INFO [Thread-1] org.apache.coyote.AbstractProtocol.pause Pausing ProtocolHandler ["http-nio-8080"]
17-Feb-2025 11:54:32.913 INFO [Thread-1] org.apache.catalina.core.StandardService.stopInternal Stopping service [Catalina]
17-Feb-2025 11:54:33.217 WARNING [Thread-1] org.apache.catalina.loader.WebappClassLoaderBase.clearReferencesJdbc The web application [LoginSignUp] registered the JDBC driver [com.mysql.cj.jdbc.Driver] but failed to unregister it when the web application was stopped. To prevent a memory leak, the JDBC Driver has been forcibly unregistered.
17-Feb-2025 11:54:33.223 WARNING [Thread-1] org.apache.catalina.loader.WebappClassLoaderBase.clearReferencesThreads The web application [LoginSignUp] appears to have started a thread named [mysql-cj-abandoned-connection-cleanup] but has failed to stop it. This is very likely to create a memory leak. Stack trace of thread:
 java.base@17.0.12/java.lang.Object.wait(Native Method)
 java.base@17.0.12/java.lang.ref.ReferenceQueue.remove(ReferenceQueue.java:155)
 com.mysql.cj.jdbc.AbandonedConnectionCleanupThread.run(AbandonedConnectionCleanupThread.java:91)
 java.base@17.0.12/java.util.concurrent.ThreadPoolExecutor.runWorker(ThreadPoolExecutor.java:1136)
 java.base@17.0.12/java.util.concurrent.ThreadPoolExecutor$Worker.run(ThreadPoolExecutor.java:635)
 java.base@17.0.12/java.lang.Thread.run(Thread.java:842)
17-Feb-2025 11:54:33.302 INFO [Thread-1] org.apache.coyote.AbstractProtocol.stop Stopping ProtocolHandler ["http-nio-8080"]
17-Feb-2025 11:54:33.337 INFO [Thread-1] org.apache.coyote.AbstractProtocol.destroy Destroying ProtocolHandler ["http-nio-8080"]
17-Feb-2025 15:00:37.952 INFO [main] org.apache.catalina.startup.VersionLoggerListener.log Server version name:   Apache Tomcat/9.0.98
17-Feb-2025 15:00:37.965 INFO [main] org.apache.catalina.startup.VersionLoggerListener.log Server built:          Dec 5 2024 19:50:29 UTC
17-Feb-2025 15:00:37.967 INFO [main] org.apache.catalina.startup.VersionLoggerListener.log Server version number: 9.0.98.0
17-Feb-2025 15:00:37.967 INFO [main] org.apache.catalina.startup.VersionLoggerListener.log OS Name:               Windows 11
17-Feb-2025 15:00:37.968 INFO [main] org.apache.catalina.startup.VersionLoggerListener.log OS Version:            10.0
17-Feb-2025 15:00:37.968 INFO [main] org.apache.catalina.startup.VersionLoggerListener.log Architecture:          amd64
17-Feb-2025 15:00:37.968 INFO [main] org.apache.catalina.startup.VersionLoggerListener.log Java Home:             C:\Program Files\Java\jdk-17
17-Feb-2025 15:00:37.969 INFO [main] org.apache.catalina.startup.VersionLoggerListener.log JVM Version:           17.0.12+8-LTS-286
17-Feb-2025 15:00:37.969 INFO [main] org.apache.catalina.startup.VersionLoggerListener.log JVM Vendor:            Oracle Corporation
17-Feb-2025 15:00:37.970 INFO [main] org.apache.catalina.startup.VersionLoggerListener.log CATALINA_BASE:         C:\Users\patel\IdeaProjects\Spring MVC\LoginSignUp
17-Feb-2025 15:00:37.970 INFO [main] org.apache.catalina.startup.VersionLoggerListener.log CATALINA_HOME:         C:\apache-tomcat-9.0.98-windows-x64\apache-tomcat-9.0.98
17-Feb-2025 15:00:38.005 INFO [main] org.apache.catalina.startup.VersionLoggerListener.log Command line argument: --add-opens=java.base/java.lang=ALL-UNNAMED
17-Feb-2025 15:00:38.006 INFO [main] org.apache.catalina.startup.VersionLoggerListener.log Command line argument: --add-opens=java.base/java.io=ALL-UNNAMED
17-Feb-2025 15:00:38.006 INFO [main] org.apache.catalina.startup.VersionLoggerListener.log Command line argument: --add-opens=java.base/java.util=ALL-UNNAMED
17-Feb-2025 15:00:38.008 INFO [main] org.apache.catalina.startup.VersionLoggerListener.log Command line argument: --add-opens=java.base/java.util.concurrent=ALL-UNNAMED
17-Feb-2025 15:00:38.008 INFO [main] org.apache.catalina.startup.VersionLoggerListener.log Command line argument: --add-opens=java.rmi/sun.rmi.transport=ALL-UNNAMED
17-Feb-2025 15:00:38.009 INFO [main] org.apache.catalina.startup.VersionLoggerListener.log Command line argument: -Dcatalina.home=C:\apache-tomcat-9.0.98-windows-x64\apache-tomcat-9.0.98
17-Feb-2025 15:00:38.010 INFO [main] org.apache.catalina.startup.VersionLoggerListener.log Command line argument: -Dcatalina.base=C:\Users\patel\IdeaProjects\Spring MVC\LoginSignUp
17-Feb-2025 15:00:38.011 INFO [main] org.apache.catalina.startup.VersionLoggerListener.log Command line argument: -Djava.io.tmpdir=C:\Users\patel\IdeaProjects\Spring MVC\LoginSignUp\temp
17-Feb-2025 15:00:38.011 INFO [main] org.apache.catalina.startup.VersionLoggerListener.log Command line argument: -Djava.util.logging.config.file=C:\Users\patel\IdeaProjects\Spring MVC\LoginSignUp\conf\logging.properties
17-Feb-2025 15:00:38.012 INFO [main] org.apache.catalina.startup.VersionLoggerListener.log Command line argument: -Djava.util.logging.manager=org.apache.juli.ClassLoaderLogManager
17-Feb-2025 15:00:38.013 INFO [main] org.apache.catalina.startup.VersionLoggerListener.log Command line argument: -javaagent:C:\Program Files\JetBrains\IntelliJ IDEA Community Edition 2024.3\lib\idea_rt.jar=50192:C:\Program Files\JetBrains\IntelliJ IDEA Community Edition 2024.3\bin
17-Feb-2025 15:00:38.014 INFO [main] org.apache.catalina.startup.VersionLoggerListener.log Command line argument: -Dfile.encoding=UTF-8
17-Feb-2025 15:00:38.392 INFO [main] org.apache.catalina.core.AprLifecycleListener.lifecycleEvent Loaded Apache Tomcat Native library [1.3.1] using APR version [1.7.4].
17-Feb-2025 15:00:38.393 INFO [main] org.apache.catalina.core.AprLifecycleListener.lifecycleEvent APR capabilities: IPv6 [true], sendfile [true], accept filters [false], random [true], UDS [true].
17-Feb-2025 15:00:38.393 INFO [main] org.apache.catalina.core.AprLifecycleListener.lifecycleEvent APR/OpenSSL configuration: useAprConnector [false], useOpenSSL [true]
17-Feb-2025 15:00:38.447 INFO [main] org.apache.catalina.core.AprLifecycleListener.initializeSSL OpenSSL successfully initialized [OpenSSL 3.0.14 4 Jun 2024]
17-Feb-2025 15:00:39.263 INFO [main] org.apache.coyote.AbstractProtocol.init Initializing ProtocolHandler ["http-nio-8080"]
17-Feb-2025 15:00:39.324 INFO [main] org.apache.catalina.startup.Catalina.load Server initialization in [2064] milliseconds
17-Feb-2025 15:00:39.506 INFO [main] org.apache.catalina.core.StandardService.startInternal Starting service [Catalina]
17-Feb-2025 15:00:39.506 INFO [main] org.apache.catalina.core.StandardEngine.startInternal Starting Servlet engine: [Apache Tomcat/9.0.98]
17-Feb-2025 15:00:39.542 INFO [main] org.apache.catalina.startup.HostConfig.deployDescriptor Deploying deployment descriptor [C:\Users\patel\IdeaProjects\Spring MVC\LoginSignUp\conf\Catalina\localhost\LoginSignUp.xml]
17-Feb-2025 15:00:49.352 INFO [main] org.apache.jasper.servlet.TldScanner.scanJars At least one JAR was scanned for TLDs yet contained no TLDs. Enable debug logging for this logger for a complete list of JARs that were scanned but no TLDs were found in them. Skipping unneeded JARs during scanning can improve startup time and JSP compilation time.
17-Feb-2025 15:00:49.987 WARNING [main] org.apache.catalina.util.SessionIdGeneratorBase.createSecureRandom Creation of SecureRandom instance for session ID generation using [SHA1PRNG] took [247] milliseconds.
17-Feb-2025 15:00:50.057 INFO [main] org.apache.catalina.startup.HostConfig.deployDescriptor Deployment of deployment descriptor [C:\Users\patel\IdeaProjects\Spring MVC\LoginSignUp\conf\Catalina\localhost\LoginSignUp.xml] has finished in [10,513] ms
17-Feb-2025 15:00:50.073 INFO [main] org.apache.coyote.AbstractProtocol.start Starting ProtocolHandler ["http-nio-8080"]
17-Feb-2025 15:00:50.421 INFO [main] org.apache.catalina.startup.Catalina.start Server startup in [11095] milliseconds
17-Feb-2025 16:30:47.393 INFO [http-nio-8080-exec-2] org.springframework.web.servlet.FrameworkServlet.initServletBean Initializing Servlet 'spring'
17-Feb-2025 16:30:54.951 INFO [http-nio-8080-exec-2] org.hibernate.Version.logVersion HHH000412: Hibernate Core {5.4.2.Final}
17-Feb-2025 16:30:56.220 INFO [http-nio-8080-exec-2] org.hibernate.annotations.common.reflection.java.JavaReflectionManager.<clinit> HCANN000001: Hibernate Commons Annotations {5.1.0.Final}
17-Feb-2025 16:30:58.228 INFO [http-nio-8080-exec-2] org.hibernate.dialect.Dialect.<init> HHH000400: Using dialect: org.hibernate.dialect.MySQL8Dialect
17-Feb-2025 16:31:03.374 INFO [http-nio-8080-exec-2] org.hibernate.engine.transaction.jta.platform.internal.JtaPlatformInitiator.initiateService HHH000490: Using JtaPlatform implementation: [org.hibernate.engine.transaction.jta.platform.internal.NoJtaPlatform]
17-Feb-2025 16:31:04.999 INFO [http-nio-8080-exec-2] org.springframework.web.servlet.FrameworkServlet.initServletBean Completed initialization in 17603 ms
17-Feb-2025 16:42:54.925 INFO [Thread-1] org.apache.coyote.AbstractProtocol.pause Pausing ProtocolHandler ["http-nio-8080"]
17-Feb-2025 16:42:55.351 INFO [Thread-1] org.apache.catalina.core.StandardService.stopInternal Stopping service [Catalina]
17-Feb-2025 16:42:55.398 WARNING [Thread-1] org.apache.catalina.loader.WebappClassLoaderBase.clearReferencesJdbc The web application [LoginSignUp] registered the JDBC driver [com.mysql.cj.jdbc.Driver] but failed to unregister it when the web application was stopped. To prevent a memory leak, the JDBC Driver has been forcibly unregistered.
17-Feb-2025 16:42:55.399 WARNING [Thread-1] org.apache.catalina.loader.WebappClassLoaderBase.clearReferencesThreads The web application [LoginSignUp] appears to have started a thread named [mysql-cj-abandoned-connection-cleanup] but has failed to stop it. This is very likely to create a memory leak. Stack trace of thread:
 java.base@17.0.12/java.lang.Object.wait(Native Method)
 java.base@17.0.12/java.lang.ref.ReferenceQueue.remove(ReferenceQueue.java:155)
 com.mysql.cj.jdbc.AbandonedConnectionCleanupThread.run(AbandonedConnectionCleanupThread.java:91)
 java.base@17.0.12/java.util.concurrent.ThreadPoolExecutor.runWorker(ThreadPoolExecutor.java:1136)
 java.base@17.0.12/java.util.concurrent.ThreadPoolExecutor$Worker.run(ThreadPoolExecutor.java:635)
 java.base@17.0.12/java.lang.Thread.run(Thread.java:842)
17-Feb-2025 16:42:55.409 INFO [Thread-1] org.apache.coyote.AbstractProtocol.stop Stopping ProtocolHandler ["http-nio-8080"]
17-Feb-2025 16:42:55.429 INFO [Thread-1] org.apache.coyote.AbstractProtocol.destroy Destroying ProtocolHandler ["http-nio-8080"]
17-Feb-2025 16:43:01.323 INFO [main] org.apache.catalina.startup.VersionLoggerListener.log Server version name:   Apache Tomcat/9.0.98
17-Feb-2025 16:43:01.330 INFO [main] org.apache.catalina.startup.VersionLoggerListener.log Server built:          Dec 5 2024 19:50:29 UTC
17-Feb-2025 16:43:01.332 INFO [main] org.apache.catalina.startup.VersionLoggerListener.log Server version number: 9.0.98.0
17-Feb-2025 16:43:01.332 INFO [main] org.apache.catalina.startup.VersionLoggerListener.log OS Name:               Windows 11
17-Feb-2025 16:43:01.332 INFO [main] org.apache.catalina.startup.VersionLoggerListener.log OS Version:            10.0
17-Feb-2025 16:43:01.333 INFO [main] org.apache.catalina.startup.VersionLoggerListener.log Architecture:          amd64
17-Feb-2025 16:43:01.333 INFO [main] org.apache.catalina.startup.VersionLoggerListener.log Java Home:             C:\Program Files\Java\jdk-17
17-Feb-2025 16:43:01.334 INFO [main] org.apache.catalina.startup.VersionLoggerListener.log JVM Version:           17.0.12+8-LTS-286
17-Feb-2025 16:43:01.334 INFO [main] org.apache.catalina.startup.VersionLoggerListener.log JVM Vendor:            Oracle Corporation
17-Feb-2025 16:43:01.334 INFO [main] org.apache.catalina.startup.VersionLoggerListener.log CATALINA_BASE:         C:\Users\patel\IdeaProjects\Spring MVC\LoginSignUp
17-Feb-2025 16:43:01.335 INFO [main] org.apache.catalina.startup.VersionLoggerListener.log CATALINA_HOME:         C:\apache-tomcat-9.0.98-windows-x64\apache-tomcat-9.0.98
17-Feb-2025 16:43:01.358 INFO [main] org.apache.catalina.startup.VersionLoggerListener.log Command line argument: --add-opens=java.base/java.lang=ALL-UNNAMED
17-Feb-2025 16:43:01.358 INFO [main] org.apache.catalina.startup.VersionLoggerListener.log Command line argument: --add-opens=java.base/java.io=ALL-UNNAMED
17-Feb-2025 16:43:01.359 INFO [main] org.apache.catalina.startup.VersionLoggerListener.log Command line argument: --add-opens=java.base/java.util=ALL-UNNAMED
17-Feb-2025 16:43:01.359 INFO [main] org.apache.catalina.startup.VersionLoggerListener.log Command line argument: --add-opens=java.base/java.util.concurrent=ALL-UNNAMED
17-Feb-2025 16:43:01.359 INFO [main] org.apache.catalina.startup.VersionLoggerListener.log Command line argument: --add-opens=java.rmi/sun.rmi.transport=ALL-UNNAMED
17-Feb-2025 16:43:01.359 INFO [main] org.apache.catalina.startup.VersionLoggerListener.log Command line argument: -Dcatalina.home=C:\apache-tomcat-9.0.98-windows-x64\apache-tomcat-9.0.98
17-Feb-2025 16:43:01.359 INFO [main] org.apache.catalina.startup.VersionLoggerListener.log Command line argument: -Dcatalina.base=C:\Users\patel\IdeaProjects\Spring MVC\LoginSignUp
17-Feb-2025 16:43:01.360 INFO [main] org.apache.catalina.startup.VersionLoggerListener.log Command line argument: -Djava.io.tmpdir=C:\Users\patel\IdeaProjects\Spring MVC\LoginSignUp\temp
17-Feb-2025 16:43:01.360 INFO [main] org.apache.catalina.startup.VersionLoggerListener.log Command line argument: -Djava.util.logging.config.file=C:\Users\patel\IdeaProjects\Spring MVC\LoginSignUp\conf\logging.properties
17-Feb-2025 16:43:01.360 INFO [main] org.apache.catalina.startup.VersionLoggerListener.log Command line argument: -Djava.util.logging.manager=org.apache.juli.ClassLoaderLogManager
17-Feb-2025 16:43:01.361 INFO [main] org.apache.catalina.startup.VersionLoggerListener.log Command line argument: -javaagent:C:\Program Files\JetBrains\IntelliJ IDEA Community Edition 2024.3\lib\idea_rt.jar=50593:C:\Program Files\JetBrains\IntelliJ IDEA Community Edition 2024.3\bin
17-Feb-2025 16:43:01.362 INFO [main] org.apache.catalina.startup.VersionLoggerListener.log Command line argument: -Dfile.encoding=UTF-8
17-Feb-2025 16:43:01.370 INFO [main] org.apache.catalina.core.AprLifecycleListener.lifecycleEvent Loaded Apache Tomcat Native library [1.3.1] using APR version [1.7.4].
17-Feb-2025 16:43:01.370 INFO [main] org.apache.catalina.core.AprLifecycleListener.lifecycleEvent APR capabilities: IPv6 [true], sendfile [true], accept filters [false], random [true], UDS [true].
17-Feb-2025 16:43:01.371 INFO [main] org.apache.catalina.core.AprLifecycleListener.lifecycleEvent APR/OpenSSL configuration: useAprConnector [false], useOpenSSL [true]
17-Feb-2025 16:43:01.397 INFO [main] org.apache.catalina.core.AprLifecycleListener.initializeSSL OpenSSL successfully initialized [OpenSSL 3.0.14 4 Jun 2024]
17-Feb-2025 16:43:01.984 INFO [main] org.apache.coyote.AbstractProtocol.init Initializing ProtocolHandler ["http-nio-8080"]
17-Feb-2025 16:43:02.026 INFO [main] org.apache.catalina.startup.Catalina.load Server initialization in [1186] milliseconds
17-Feb-2025 16:43:02.159 INFO [main] org.apache.catalina.core.StandardService.startInternal Starting service [Catalina]
17-Feb-2025 16:43:02.159 INFO [main] org.apache.catalina.core.StandardEngine.startInternal Starting Servlet engine: [Apache Tomcat/9.0.98]
17-Feb-2025 16:43:02.178 INFO [main] org.apache.catalina.startup.HostConfig.deployDescriptor Deploying deployment descriptor [C:\Users\patel\IdeaProjects\Spring MVC\LoginSignUp\conf\Catalina\localhost\LoginSignUp.xml]
17-Feb-2025 16:43:07.778 INFO [main] org.apache.jasper.servlet.TldScanner.scanJars At least one JAR was scanned for TLDs yet contained no TLDs. Enable debug logging for this logger for a complete list of JARs that were scanned but no TLDs were found in them. Skipping unneeded JARs during scanning can improve startup time and JSP compilation time.
17-Feb-2025 16:43:08.003 WARNING [main] org.apache.catalina.util.SessionIdGeneratorBase.createSecureRandom Creation of SecureRandom instance for session ID generation using [SHA1PRNG] took [129] milliseconds.
17-Feb-2025 16:43:08.048 INFO [main] org.apache.catalina.startup.HostConfig.deployDescriptor Deployment of deployment descriptor [C:\Users\patel\IdeaProjects\Spring MVC\LoginSignUp\conf\Catalina\localhost\LoginSignUp.xml] has finished in [5,871] ms
17-Feb-2025 16:43:08.054 INFO [main] org.apache.coyote.AbstractProtocol.start Starting ProtocolHandler ["http-nio-8080"]
17-Feb-2025 16:43:08.190 INFO [main] org.apache.catalina.startup.Catalina.start Server startup in [6163] milliseconds
17-Feb-2025 16:43:11.406 INFO [http-nio-8080-exec-2] org.springframework.web.servlet.FrameworkServlet.initServletBean Initializing Servlet 'spring'
17-Feb-2025 16:43:15.831 INFO [http-nio-8080-exec-2] org.hibernate.Version.logVersion HHH000412: Hibernate Core {5.4.2.Final}
17-Feb-2025 16:43:16.833 INFO [http-nio-8080-exec-2] org.hibernate.annotations.common.reflection.java.JavaReflectionManager.<clinit> HCANN000001: Hibernate Commons Annotations {5.1.0.Final}
17-Feb-2025 16:43:18.675 INFO [http-nio-8080-exec-2] org.hibernate.dialect.Dialect.<init> HHH000400: Using dialect: org.hibernate.dialect.MySQL8Dialect
17-Feb-2025 16:43:22.274 INFO [http-nio-8080-exec-2] org.hibernate.engine.transaction.jta.platform.internal.JtaPlatformInitiator.initiateService HHH000490: Using JtaPlatform implementation: [org.hibernate.engine.transaction.jta.platform.internal.NoJtaPlatform]
17-Feb-2025 16:43:23.779 INFO [http-nio-8080-exec-2] org.springframework.web.servlet.FrameworkServlet.initServletBean Completed initialization in 12372 ms
17-Feb-2025 19:29:51.095 INFO [Thread-1] org.apache.coyote.AbstractProtocol.pause Pausing ProtocolHandler ["http-nio-8080"]
17-Feb-2025 19:29:51.609 INFO [Thread-1] org.apache.catalina.core.StandardService.stopInternal Stopping service [Catalina]
17-Feb-2025 19:29:51.958 WARNING [Thread-1] org.apache.catalina.loader.WebappClassLoaderBase.clearReferencesJdbc The web application [LoginSignUp] registered the JDBC driver [com.mysql.cj.jdbc.Driver] but failed to unregister it when the web application was stopped. To prevent a memory leak, the JDBC Driver has been forcibly unregistered.
17-Feb-2025 19:29:51.965 WARNING [Thread-1] org.apache.catalina.loader.WebappClassLoaderBase.clearReferencesThreads The web application [LoginSignUp] appears to have started a thread named [mysql-cj-abandoned-connection-cleanup] but has failed to stop it. This is very likely to create a memory leak. Stack trace of thread:
 java.base@17.0.12/java.lang.Object.wait(Native Method)
 java.base@17.0.12/java.lang.ref.ReferenceQueue.remove(ReferenceQueue.java:155)
 com.mysql.cj.jdbc.AbandonedConnectionCleanupThread.run(AbandonedConnectionCleanupThread.java:91)
 java.base@17.0.12/java.util.concurrent.ThreadPoolExecutor.runWorker(ThreadPoolExecutor.java:1136)
 java.base@17.0.12/java.util.concurrent.ThreadPoolExecutor$Worker.run(ThreadPoolExecutor.java:635)
 java.base@17.0.12/java.lang.Thread.run(Thread.java:842)
17-Feb-2025 19:29:52.059 INFO [Thread-1] org.apache.coyote.AbstractProtocol.stop Stopping ProtocolHandler ["http-nio-8080"]
17-Feb-2025 19:29:52.093 INFO [Thread-1] org.apache.coyote.AbstractProtocol.destroy Destroying ProtocolHandler ["http-nio-8080"]
